0 info it worked if it ends with ok
1 verbose cli [ 'C:\\Users\\Biplab Malakar\\node.exe',
1 verbose cli   'C:\\Users\\Biplab Malakar\\node_modules\\npm\\bin\\npm-cli.js',
1 verbose cli   'start' ]
2 info using npm@4.0.5
3 info using node@v7.4.0
4 verbose run-script [ 'prestart', 'start', 'poststart' ]
5 info lifecycle backend-gojira@1.0.0~prestart: backend-gojira@1.0.0
6 silly lifecycle backend-gojira@1.0.0~prestart: no script for prestart, continuing
7 info lifecycle backend-gojira@1.0.0~start: backend-gojira@1.0.0
8 verbose lifecycle backend-gojira@1.0.0~start: unsafe-perm in lifecycle true
9 verbose lifecycle backend-gojira@1.0.0~start: PATH: C:\Users\Biplab Malakar\node_modules\npm\bin\node-gyp-bin;E:\Gojira-Backend\node_modules\.bin;C:\ProgramData\Oracle\Java\javapath;C:\Program Files\Java\jdk1.8.0_51\bin;C:\Program Files (x86)\Common Files\lenovo\easyplussdk\bin;C:\Program Files (x86)\Microsoft SQL Server\100\Tools\Binn\VSShell\Common7\IDE\;C:\Program Files (x86)\Microsoft SQL Server\100\Tools\Binn\;C:\Program Files\Microsoft SQL Server\100\Tools\Binn\;C:\Program Files (x86)\Microsoft SQL Server\100\DTS\Binn\;C:\Program Files\Microsoft SQL Server\100\DTS\Binn\;C:\Program Files\Microsoft SQL Server\120\Tools\Binn\;C:\Program Files (x86)\Deskshare\My Screen Recorder Pro 4\;C:\aspectj1.8\bin;C:\Users\Biplab Malakar\;C:\Program Files\Git\cmd;C:\Program Files (x86)\Microsoft VS Code\bin;C:\Users\Biplab Malakar\AppData\Roaming\npm
10 verbose lifecycle backend-gojira@1.0.0~start: CWD: E:\Gojira-Backend
11 silly lifecycle backend-gojira@1.0.0~start: Args: [ '/d /s /c', 'node server.js' ]
12 verbose stack Error: kill ENOSYS
12 verbose stack     at exports._errnoException (util.js:1022:11)
12 verbose stack     at process.kill (internal/process.js:173:13)
12 verbose stack     at process.listener (C:\Users\Biplab Malakar\node_modules\npm\node_modules\npmlog\node_modules\gauge\node_modules\signal-exit\index.js:86:15)
12 verbose stack     at emitNone (events.js:91:20)
12 verbose stack     at process.emit (events.js:185:7)
12 verbose stack     at processEmit (C:\Users\Biplab Malakar\node_modules\npm\node_modules\npmlog\node_modules\gauge\node_modules\signal-exit\index.js:146:32)
12 verbose stack     at processEmit (C:\Users\Biplab Malakar\node_modules\npm\node_modules\npm-registry-client\node_modules\npmlog\node_modules\gauge\node_modules\signal-exit\index.js:146:32)
12 verbose stack     at Signal.wrap.onsignal (internal/process.js:200:44)
13 verbose cwd E:\Gojira-Backend
14 error Windows_NT 6.3.9600
15 error argv "C:\\Users\\Biplab Malakar\\node.exe" "C:\\Users\\Biplab Malakar\\node_modules\\npm\\bin\\npm-cli.js" "start"
16 error node v7.4.0
17 error npm  v4.0.5
18 error code ENOSYS
19 error errno ENOSYS
20 error syscall kill
21 error kill ENOSYS
22 error If you need help, you may report this error at:
22 error     <https://github.com/npm/npm/issues>
23 verbose exit [ 1, true ]
